<?xml version="1.0" encoding="UTF-8"?>
<testng-results ignored="0" total="3" passed="3" failed="0" skipped="0">
  <reporter-output>
  </reporter-output>
  <suite started-at="2024-01-17T18:51:46 IST" name="Default suite" finished-at="2024-01-17T18:53:35 IST" duration-ms="108705">
    <groups>
      <group name="cucumber">
        <method signature="AbstractTestNGCucumberTests.runScenario(io.cucumber.testng.PickleWrapper,io.cucumber.testng.FeatureWrapper)[pri:0, instance:testRunner.FacebookRunnerClass@515c6049]" name="runScenario" class="io.cucumber.testng.AbstractTestNGCucumberTests"/>
      </group> <!-- cucumber -->
    </groups>
    <test started-at="2024-01-17T18:51:46 IST" name="Default test" finished-at="2024-01-17T18:53:35 IST" duration-ms="108705">
      <class name="testRunner.FacebookRunnerClass">
        <test-method is-config="true" signature="setUpClass(org.testng.ITestContext)[pri:0, instance:testRunner.FacebookRunnerClass@515c6049]" started-at="2024-01-17T18:51:46 IST" name="setUpClass" finished-at="2024-01-17T18:51:51 IST" duration-ms="5132" status="PASS">
          <params>
            <param index="0">
              <value>
                <![CDATA[org.testng.TestRunner@49e2b3c5]]>
              </value>
            </param>
          </params>
          <reporter-output>
          </reporter-output>
        </test-method> <!-- setUpClass -->
        <test-method signature="runScenario(io.cucumber.testng.PickleWrapper,io.cucumber.testng.FeatureWrapper)[pri:0, instance:testRunner.FacebookRunnerClass@515c6049]" started-at="2024-01-17T18:51:51 IST" name="runScenario" description="Runs Cucumber Scenarios" data-provider="scenarios" finished-at="2024-01-17T18:52:34 IST" duration-ms="42937" status="PASS">
          <params>
            <param index="0">
              <value>
                <![CDATA["Test register page functionality"]]>
              </value>
            </param>
            <param index="1">
              <value>
                <![CDATA["Test the Facebook Application"]]>
              </value>
            </param>
          </params>
          <reporter-output>
          </reporter-output>
        </test-method> <!-- runScenario -->
        <test-method signature="runScenario(io.cucumber.testng.PickleWrapper,io.cucumber.testng.FeatureWrapper)[pri:0, instance:testRunner.FacebookRunnerClass@515c6049]" started-at="2024-01-17T18:52:34 IST" name="runScenario" description="Runs Cucumber Scenarios" data-provider="scenarios" finished-at="2024-01-17T18:53:07 IST" duration-ms="32752" status="PASS">
          <params>
            <param index="0">
              <value>
                <![CDATA["Test register page functionality"]]>
              </value>
            </param>
            <param index="1">
              <value>
                <![CDATA["Test the Facebook Application"]]>
              </value>
            </param>
          </params>
          <reporter-output>
          </reporter-output>
        </test-method> <!-- runScenario -->
        <test-method signature="runScenario(io.cucumber.testng.PickleWrapper,io.cucumber.testng.FeatureWrapper)[pri:0, instance:testRunner.FacebookRunnerClass@515c6049]" started-at="2024-01-17T18:53:07 IST" name="runScenario" description="Runs Cucumber Scenarios" data-provider="scenarios" finished-at="2024-01-17T18:53:34 IST" duration-ms="27112" status="PASS">
          <params>
            <param index="0">
              <value>
                <![CDATA["Test register page functionality"]]>
              </value>
            </param>
            <param index="1">
              <value>
                <![CDATA["Test the Facebook Application"]]>
              </value>
            </param>
          </params>
          <reporter-output>
          </reporter-output>
        </test-method> <!-- runScenario -->
        <test-method is-config="true" signature="tearDownClass()[pri:0, instance:testRunner.FacebookRunnerClass@515c6049]" started-at="2024-01-17T18:53:34 IST" name="tearDownClass" finished-at="2024-01-17T18:53:35 IST" duration-ms="429" status="PASS">
          <reporter-output>
          </reporter-output>
        </test-method> <!-- tearDownClass -->
      </class> <!-- testRunner.FacebookRunnerClass -->
    </test> <!-- Default test -->
  </suite> <!-- Default suite -->
</testng-results>
